Mplus VERSION 8.11 (Mac)
MUTHEN & MUTHEN
07/09/2025   1:40 PM

INPUT INSTRUCTIONS

  title: Alex Jury data
   data:
   file is bard_ratings_zscored_unlabeled.csv;
   variable:
  names are
  scenario rating recall realrate know bardguilt
  num_uid bard z_episodic z_semantic z_realism z_case_strength;

   usevariables are
    num_uid scenario
   z_episodic z_semantic z_realism z_case_strength;
   !define:
  ! WITHIN = z_episodic z_semantic z_realism ;
  CLUSTER = num_uid scenario;
   analysis: TYPE = crossclassified random;
   !fbiterations=10000;

   model:
    %WITHIN%
    mem_w by z_episodic* (1)
     z_semantic (2)
      z_realism (3);

    slope1 | z_case_strength on mem_w;
    slope2 | z_case_strength on z_episodic;

   mem_w@1


   %BETWEEN num_uid%
    mem_b by by z_episodic* (1)
     z_semantic (2)
      z_realism (3);

  z_case_strength on mem_b z_episodic;

   mem_b@1


   !mem_b by z_episodic z_semantic z_realism;

   output: ;







*** WARNING in VARIABLE command
  Note that only the first 8 characters of variable names are used in the output.
  Shorten variable names to avoid any confusion.
*** WARNING in MODEL command
  In the MODEL command, the predictor variable refers to the whole observed variable
  in the following statement(s):
    SLOPE2 | Z_CASE_STRENGTH ON Z_EP
   2 WARNING(S) FOUND IN THE INPUT INSTRUCTIONS



Alex Jury data

SUMMARY OF ANALYSIS

Number of groups                                                 1
Number of observations                                        2573

Number of dependent variables                                    4
Number of independent variables                                  0
Number of continuous latent variables                            4

Observed dependent variables

  Continuous
   Z_EPISODIC  Z_SEMANTIC  Z_REALISM   Z_CASE_STR

Continuous latent variables
   MEM_W       SLOPE1      SLOPE2      MEM_B

Variables with special functions

  Cluster variables     NUM_UID   SCENARIO

Estimator                                                    BAYES
Specifications for Bayesian Estimation
  Point estimate                                            MEDIAN
  Number of Markov chain Monte Carlo (MCMC) chains               2
  Random seed for the first chain                                0
  Starting value information                           UNPERTURBED
  Algorithm used for Markov chain Monte Carlo           GIBBS(PX1)
  Convergence criterion                                  0.500D-01
  Maximum number of iterations                               50000
  K-th iteration used for thinning                               1

Input data file(s)
  bard_ratings_zscored_unlabeled.csv
Input data format  FREE


SUMMARY OF DATA

     Cluster information for SCENARIO

       Number of clusters                       31

       Size (s)    Cluster ID with Size s

         83        5 6 12 8 2 28 29 30 21 16 23 19 27 11 24 22 18 10 26
                   20 13 31 17 14 25 7 4 15 1 3 9

     Cluster information for NUM_UID

       Number of clusters                       83

       Size (s)    Cluster ID with Size s

         31        1 2 3 4 5 6 7 8 9 10 11 12 13 14 15 16 17 18 19 20 21
                   22 23 24 25 26 27 28 29 30 31 32 33 34 35 36 37 38 39
                   40 41 42 43 44 45 46 47 48 49 50 51 52 53 54 55 56 57
                   58 59 60 62 63 64 65 66 67 68 69 70 71 72 73 74 75 76
                   77 78 79 80 81 82 83 85




UNIVARIATE SAMPLE STATISTICS


     UNIVARIATE HIGHER-ORDER MOMENT DESCRIPTIVE STATISTICS

         Variable/         Mean/     Skewness/   Minimum/ % with                Percentiles
        Sample Size      Variance    Kurtosis    Maximum  Min/Max      20%/60%    40%/80%    Median

     Z_EPISODIC            0.000       0.407      -1.232    5.29%      -1.069     -0.516     -0.158
            2573.000       1.000      -1.081       2.023    0.78%       0.298      1.014
     Z_SEMANTIC            0.000       0.487      -1.291    3.07%      -1.039     -0.501     -0.106
            2573.000       1.000      -0.783       2.301    0.23%       0.289      0.900
     Z_REALISM             0.000      -0.734      -2.760    0.08%      -0.881     -0.098      0.254
            2573.000       1.000      -0.416       1.155    5.87%       0.528      0.998
     Z_CASE_STRENGTH       0.000      -0.361      -2.057    0.93%      -0.963     -0.245      0.097
            2573.000       1.000      -0.978       1.362    2.84%       0.405      1.055


THE MODEL ESTIMATION TERMINATED NORMALLY

     USE THE FBITERATIONS OPTION TO INCREASE THE NUMBER OF ITERATIONS BY A FACTOR
     OF AT LEAST TWO TO CHECK CONVERGENCE AND THAT THE PSR VALUE DOES NOT INCREASE.



MODEL FIT INFORMATION

Number of Free Parameters                              27

Information Criteria

          Deviance (DIC)                        21018.356
          Estimated Number of Parameters (pD)     483.530



MODEL RESULTS

                                Posterior  One-Tailed         95% C.I.
                    Estimate       S.D.      P-Value   Lower 2.5%  Upper 2.5%  Significance

Within Level

 MEM_W    BY
    Z_EPISODIC         0.514       0.015      0.000       0.486       0.544      *
    Z_SEMANTIC         0.504       0.015      0.000       0.476       0.531      *
    Z_REALISM          0.296       0.014      0.000       0.269       0.325      *

 Variances
    MEM_W              1.000       0.000      0.000       1.000       1.000

 Residual Variances
    Z_EPISODIC         0.217       0.012      0.000       0.193       0.242      *
    Z_SEMANTIC         0.168       0.012      0.000       0.145       0.189      *
    Z_REALISM          0.329       0.010      0.000       0.311       0.352      *
    Z_CASE_STR         0.705       0.022      0.000       0.666       0.748      *

Between SCENARIO Level

 Variances
    Z_EPISODIC         0.059       0.020      0.000       0.032       0.108      *
    Z_SEMANTIC         0.040       0.013      0.000       0.024       0.076      *
    Z_REALISM          0.050       0.018      0.000       0.029       0.098      *
    Z_CASE_STR         0.047       0.018      0.000       0.023       0.096      *
    SLOPE1             0.009       0.007      0.000       0.002       0.026      *
    SLOPE2             0.002       0.002      0.000       0.000       0.009      *

Between NUM_UID Level

 MEM_B    BY
    Z_EPISODIC         0.514       0.015      0.000       0.486       0.544      *
    Z_SEMANTIC         0.504       0.015      0.000       0.476       0.531      *
    Z_REALISM          0.296       0.014      0.000       0.269       0.325      *

 Z_CASE_STR ON
    MEM_B              0.089       0.221      0.351      -0.405       0.491

 Z_CASE_STR ON
    Z_EPISODIC         0.009       0.368      0.487      -0.642       0.802

 Means
    SLOPE1             0.285       0.046      0.000       0.197       0.366      *
    SLOPE2             0.053       0.056      0.133      -0.051       0.174

 Intercepts
    Z_EPISODIC         0.033       0.069      0.290      -0.112       0.177
    Z_SEMANTIC         0.025       0.071      0.360      -0.103       0.173
    Z_REALISM         -0.004       0.101      0.480      -0.208       0.189
    Z_CASE_STR        -0.017       0.065      0.394      -0.167       0.098

 Variances
    MEM_B              1.000       0.000      0.000       1.000       1.000
    SLOPE1             0.013       0.009      0.000       0.003       0.040      *
    SLOPE2             0.038       0.014      0.000       0.018       0.071      *

 Residual Variances
    Z_EPISODIC         0.070       0.027      0.000       0.023       0.132      *
    Z_SEMANTIC         0.142       0.034      0.000       0.087       0.217      *
    Z_REALISM          0.520       0.088      0.000       0.375       0.719      *
    Z_CASE_STR         0.099       0.024      0.000       0.063       0.156      *


     Beginning Time:  13:40:00
        Ending Time:  13:40:20
       Elapsed Time:  00:00:20



MUTHEN & MUTHEN
3463 Stoner Ave.
Los Angeles, CA  90066

Tel: (310) 391-9971
Fax: (310) 391-8971
Web: www.StatModel.com
Support: Support@StatModel.com

Copyright (c) 1998-2024 Muthen & Muthen
